<?xml version="1.0" encoding="UTF-8"?>
<testng-results ignored="0" total="1" passed="0" failed="0" skipped="1">
  <reporter-output>
  </reporter-output>
  <suite started-at="2021-06-06T22:46:16 IST" name="Suite" finished-at="2021-06-06T22:46:33 IST" duration-ms="17360">
    <groups>
    </groups>
    <test started-at="2021-06-06T22:46:16 IST" name="Test" finished-at="2021-06-06T22:46:33 IST" duration-ms="17360">
      <class name="WebTable">
        <test-method is-config="true" signature="open()[pri:0, instance:WebTable@4b8ee4de]" started-at="2021-06-06T22:46:16 IST" name="open" finished-at="2021-06-06T22:46:33 IST" duration-ms="17209" status="FAIL">
          <exception class="org.openqa.selenium.SessionNotCreatedException">
            <message>
              <![CDATA[session not created: This version of ChromeDriver only supports Chrome version 87
Current browser version is 90.0.4430.212 with binary path C:\Program Files (x86)\Google\Chrome\Application\chrome.exe
Build info: version: '3.5.1', revision: '9c21bb67ef', time: '2017-08-16T21:10:06.092Z'
System info: host: 'HOME-PC', ip: '192.168.1.8', os.name: 'Windows 10', os.arch: 'amd64', os.version: '10.0', java.version: '14.0.2'
Driver info: driver.version: ChromeDriver
remote stacktrace: Backtrace:
Ordinal0 [0x0111ECE3+3337443]
Ordinal0 [0x00FFF041+2158657]
Ordinal0 [0x00E86FA8+618408]
Ordinal0 [0x00E01D52+73042]
Ordinal0 [0x00DFE0D8+57560]
Ordinal0 [0x00DFC38A+50058]
Ordinal0 [0x00E25E8E+220814]
Ordinal0 [0x00E25BFC+220156]
Ordinal0 [0x00E2181B+202779]
Ordinal0 [0x00E03D74+81268]
Ordinal0 [0x00E04D6E+85358]
Ordinal0 [0x00E04CF9+85241]
Ordinal0 [0x01016F2C+2256684]
GetHandleVerifier [0x012A2FAC+1478332]
GetHandleVerifier [0x012A2AFD+1477133]
GetHandleVerifier [0x012AAAD8+1509864]
GetHandleVerifier [0x012A369E+1480110]
Ordinal0 [0x0100D6BD+2217661]
Ordinal0 [0x010189AB+2263467]
Ordinal0 [0x01018AEF+2263791]
Ordinal0 [0x0102D363+2347875]
BaseThreadInitThunk [0x74E88744+36]
RtlGetAppContainerNamedObjectPath [0x77E8582D+253]
RtlGetAppContainerNamedObjectPath [0x77E857FD+205]
]]>
            </message>
            <full-stacktrace>
              <![CDATA[org.openqa.selenium.SessionNotCreatedException: session not created: This version of ChromeDriver only supports Chrome version 87
Current browser version is 90.0.4430.212 with binary path C:\Program Files (x86)\Google\Chrome\Application\chrome.exe
Build info: version: '3.5.1', revision: '9c21bb67ef', time: '2017-08-16T21:10:06.092Z'
System info: host: 'HOME-PC', ip: '192.168.1.8', os.name: 'Windows 10', os.arch: 'amd64', os.version: '10.0', java.version: '14.0.2'
Driver info: driver.version: ChromeDriver
remote stacktrace: Backtrace:
Ordinal0 [0x0111ECE3+3337443]
Ordinal0 [0x00FFF041+2158657]
Ordinal0 [0x00E86FA8+618408]
Ordinal0 [0x00E01D52+73042]
Ordinal0 [0x00DFE0D8+57560]
Ordinal0 [0x00DFC38A+50058]
Ordinal0 [0x00E25E8E+220814]
Ordinal0 [0x00E25BFC+220156]
Ordinal0 [0x00E2181B+202779]
Ordinal0 [0x00E03D74+81268]
Ordinal0 [0x00E04D6E+85358]
Ordinal0 [0x00E04CF9+85241]
Ordinal0 [0x01016F2C+2256684]
GetHandleVerifier [0x012A2FAC+1478332]
GetHandleVerifier [0x012A2AFD+1477133]
GetHandleVerifier [0x012AAAD8+1509864]
GetHandleVerifier [0x012A369E+1480110]
Ordinal0 [0x0100D6BD+2217661]
Ordinal0 [0x010189AB+2263467]
Ordinal0 [0x01018AEF+2263791]
Ordinal0 [0x0102D363+2347875]
BaseThreadInitThunk [0x74E88744+36]
RtlGetAppContainerNamedObjectPath [0x77E8582D+253]
RtlGetAppContainerNamedObjectPath [0x77E857FD+205]

at java.base/jdk.internal.reflect.NativeConstructorAccessorImpl.newInstance0(Native Method)
at java.base/jdk.internal.reflect.NativeConstructorAccessorImpl.newInstance(NativeConstructorAccessorImpl.java:62)
at java.base/jdk.internal.reflect.DelegatingConstructorAccessorImpl.newInstance(DelegatingConstructorAccessorImpl.java:45)
at java.base/java.lang.reflect.Constructor.newInstanceWithCaller(Constructor.java:500)
at java.base/java.lang.reflect.Constructor.newInstance(Constructor.java:481)
at org.openqa.selenium.remote.W3CHandshakeResponse.lambda$new$0(W3CHandshakeResponse.java:57)
at org.openqa.selenium.remote.W3CHandshakeResponse.lambda$getResponseFunction$2(W3CHandshakeResponse.java:104)
at org.openqa.selenium.remote.ProtocolHandshake.lambda$createSession$24(ProtocolHandshake.java:360)
at java.base/java.util.stream.ReferencePipeline$3$1.accept(ReferencePipeline.java:195)
at java.base/java.util.Spliterators$ArraySpliterator.tryAdvance(Spliterators.java:958)
at java.base/java.util.stream.ReferencePipeline.forEachWithCancel(ReferencePipeline.java:127)
at java.base/java.util.stream.AbstractPipeline.copyIntoWithCancel(AbstractPipeline.java:502)
at java.base/java.util.stream.AbstractPipeline.copyInto(AbstractPipeline.java:488)
at java.base/java.util.stream.AbstractPipeline.wrapAndCopyInto(AbstractPipeline.java:474)
at java.base/java.util.stream.FindOps$FindOp.evaluateSequential(FindOps.java:150)
at java.base/java.util.stream.AbstractPipeline.evaluate(AbstractPipeline.java:234)
at java.base/java.util.stream.ReferencePipeline.findFirst(ReferencePipeline.java:543)
at org.openqa.selenium.remote.ProtocolHandshake.createSession(ProtocolHandshake.java:363)
at org.openqa.selenium.remote.ProtocolHandshake.createSession(ProtocolHandshake.java:137)
at org.openqa.selenium.remote.HttpCommandExecutor.execute(HttpCommandExecutor.java:142)
at org.openqa.selenium.remote.service.DriverCommandExecutor.execute(DriverCommandExecutor.java:82)
at org.openqa.selenium.remote.RemoteWebDriver.execute(RemoteWebDriver.java:641)
at org.openqa.selenium.remote.RemoteWebDriver.startSession(RemoteWebDriver.java:254)
at org.openqa.selenium.remote.RemoteWebDriver.startSession(RemoteWebDriver.java:236)
at org.openqa.selenium.remote.RemoteWebDriver.<init>(RemoteWebDriver.java:137)
at org.openqa.selenium.chrome.ChromeDriver.<init>(ChromeDriver.java:178)
at org.openqa.selenium.chrome.ChromeDriver.<init>(ChromeDriver.java:167)
at org.openqa.selenium.chrome.ChromeDriver.<init>(ChromeDriver.java:124)
at WebTable.open(WebTable.java:20)
at java.base/jdk.internal.reflect.NativeMethodAccessorImpl.invoke0(Native Method)
at java.base/jdk.internal.reflect.NativeMethodAccessorImpl.invoke(NativeMethodAccessorImpl.java:62)
at java.base/jdk.internal.reflect.DelegatingMethodAccessorImpl.invoke(DelegatingMethodAccessorImpl.java:43)
at java.base/java.lang.reflect.Method.invoke(Method.java:564)
at org.testng.internal.MethodInvocationHelper.invokeMethod(MethodInvocationHelper.java:132)
at org.testng.internal.MethodInvocationHelper.invokeMethodConsideringTimeout(MethodInvocationHelper.java:61)
at org.testng.internal.ConfigInvoker.invokeConfigurationMethod(ConfigInvoker.java:366)
at org.testng.internal.ConfigInvoker.invokeConfigurations(ConfigInvoker.java:320)
at org.testng.TestRunner.invokeTestConfigurations(TestRunner.java:617)
at org.testng.TestRunner.beforeRun(TestRunner.java:607)
at org.testng.TestRunner.run(TestRunner.java:578)
at org.testng.SuiteRunner.runTest(SuiteRunner.java:384)
at org.testng.SuiteRunner.runSequentially(SuiteRunner.java:378)
at org.testng.SuiteRunner.privateRun(SuiteRunner.java:337)
at org.testng.SuiteRunner.run(SuiteRunner.java:286)
at org.testng.SuiteRunnerWorker.runSuite(SuiteRunnerWorker.java:53)
at org.testng.SuiteRunnerWorker.run(SuiteRunnerWorker.java:96)
at org.testng.TestNG.runSuitesSequentially(TestNG.java:1218)
at org.testng.TestNG.runSuitesLocally(TestNG.java:1140)
at org.testng.TestNG.runSuites(TestNG.java:1069)
at org.testng.TestNG.run(TestNG.java:1037)
at org.testng.remote.AbstractRemoteTestNG.run(AbstractRemoteTestNG.java:115)
at org.testng.remote.RemoteTestNG.initAndRun(RemoteTestNG.java:251)
at org.testng.remote.RemoteTestNG.main(RemoteTestNG.java:77)
]]>
            </full-stacktrace>
          </exception> <!-- org.openqa.selenium.SessionNotCreatedException -->
          <reporter-output>
          </reporter-output>
        </test-method> <!-- open -->
        <test-method signature="data()[pri:0, instance:WebTable@4b8ee4de]" started-at="2021-06-06T22:46:33 IST" name="data" finished-at="2021-06-06T22:46:33 IST" duration-ms="0" status="SKIP">
          <exception class="org.openqa.selenium.SessionNotCreatedException">
            <message>
              <![CDATA[session not created: This version of ChromeDriver only supports Chrome version 87
Current browser version is 90.0.4430.212 with binary path C:\Program Files (x86)\Google\Chrome\Application\chrome.exe
Build info: version: '3.5.1', revision: '9c21bb67ef', time: '2017-08-16T21:10:06.092Z'
System info: host: 'HOME-PC', ip: '192.168.1.8', os.name: 'Windows 10', os.arch: 'amd64', os.version: '10.0', java.version: '14.0.2'
Driver info: driver.version: ChromeDriver
remote stacktrace: Backtrace:
Ordinal0 [0x0111ECE3+3337443]
Ordinal0 [0x00FFF041+2158657]
Ordinal0 [0x00E86FA8+618408]
Ordinal0 [0x00E01D52+73042]
Ordinal0 [0x00DFE0D8+57560]
Ordinal0 [0x00DFC38A+50058]
Ordinal0 [0x00E25E8E+220814]
Ordinal0 [0x00E25BFC+220156]
Ordinal0 [0x00E2181B+202779]
Ordinal0 [0x00E03D74+81268]
Ordinal0 [0x00E04D6E+85358]
Ordinal0 [0x00E04CF9+85241]
Ordinal0 [0x01016F2C+2256684]
GetHandleVerifier [0x012A2FAC+1478332]
GetHandleVerifier [0x012A2AFD+1477133]
GetHandleVerifier [0x012AAAD8+1509864]
GetHandleVerifier [0x012A369E+1480110]
Ordinal0 [0x0100D6BD+2217661]
Ordinal0 [0x010189AB+2263467]
Ordinal0 [0x01018AEF+2263791]
Ordinal0 [0x0102D363+2347875]
BaseThreadInitThunk [0x74E88744+36]
RtlGetAppContainerNamedObjectPath [0x77E8582D+253]
RtlGetAppContainerNamedObjectPath [0x77E857FD+205]
]]>
            </message>
            <full-stacktrace>
              <![CDATA[org.openqa.selenium.SessionNotCreatedException: session not created: This version of ChromeDriver only supports Chrome version 87
Current browser version is 90.0.4430.212 with binary path C:\Program Files (x86)\Google\Chrome\Application\chrome.exe
Build info: version: '3.5.1', revision: '9c21bb67ef', time: '2017-08-16T21:10:06.092Z'
System info: host: 'HOME-PC', ip: '192.168.1.8', os.name: 'Windows 10', os.arch: 'amd64', os.version: '10.0', java.version: '14.0.2'
Driver info: driver.version: ChromeDriver
remote stacktrace: Backtrace:
Ordinal0 [0x0111ECE3+3337443]
Ordinal0 [0x00FFF041+2158657]
Ordinal0 [0x00E86FA8+618408]
Ordinal0 [0x00E01D52+73042]
Ordinal0 [0x00DFE0D8+57560]
Ordinal0 [0x00DFC38A+50058]
Ordinal0 [0x00E25E8E+220814]
Ordinal0 [0x00E25BFC+220156]
Ordinal0 [0x00E2181B+202779]
Ordinal0 [0x00E03D74+81268]
Ordinal0 [0x00E04D6E+85358]
Ordinal0 [0x00E04CF9+85241]
Ordinal0 [0x01016F2C+2256684]
GetHandleVerifier [0x012A2FAC+1478332]
GetHandleVerifier [0x012A2AFD+1477133]
GetHandleVerifier [0x012AAAD8+1509864]
GetHandleVerifier [0x012A369E+1480110]
Ordinal0 [0x0100D6BD+2217661]
Ordinal0 [0x010189AB+2263467]
Ordinal0 [0x01018AEF+2263791]
Ordinal0 [0x0102D363+2347875]
BaseThreadInitThunk [0x74E88744+36]
RtlGetAppContainerNamedObjectPath [0x77E8582D+253]
RtlGetAppContainerNamedObjectPath [0x77E857FD+205]

at java.base/jdk.internal.reflect.NativeConstructorAccessorImpl.newInstance0(Native Method)
at java.base/jdk.internal.reflect.NativeConstructorAccessorImpl.newInstance(NativeConstructorAccessorImpl.java:62)
at java.base/jdk.internal.reflect.DelegatingConstructorAccessorImpl.newInstance(DelegatingConstructorAccessorImpl.java:45)
at java.base/java.lang.reflect.Constructor.newInstanceWithCaller(Constructor.java:500)
at java.base/java.lang.reflect.Constructor.newInstance(Constructor.java:481)
at org.openqa.selenium.remote.W3CHandshakeResponse.lambda$new$0(W3CHandshakeResponse.java:57)
at org.openqa.selenium.remote.W3CHandshakeResponse.lambda$getResponseFunction$2(W3CHandshakeResponse.java:104)
at org.openqa.selenium.remote.ProtocolHandshake.lambda$createSession$24(ProtocolHandshake.java:360)
at java.base/java.util.stream.ReferencePipeline$3$1.accept(ReferencePipeline.java:195)
at java.base/java.util.Spliterators$ArraySpliterator.tryAdvance(Spliterators.java:958)
at java.base/java.util.stream.ReferencePipeline.forEachWithCancel(ReferencePipeline.java:127)
at java.base/java.util.stream.AbstractPipeline.copyIntoWithCancel(AbstractPipeline.java:502)
at java.base/java.util.stream.AbstractPipeline.copyInto(AbstractPipeline.java:488)
at java.base/java.util.stream.AbstractPipeline.wrapAndCopyInto(AbstractPipeline.java:474)
at java.base/java.util.stream.FindOps$FindOp.evaluateSequential(FindOps.java:150)
at java.base/java.util.stream.AbstractPipeline.evaluate(AbstractPipeline.java:234)
at java.base/java.util.stream.ReferencePipeline.findFirst(ReferencePipeline.java:543)
at org.openqa.selenium.remote.ProtocolHandshake.createSession(ProtocolHandshake.java:363)
at org.openqa.selenium.remote.ProtocolHandshake.createSession(ProtocolHandshake.java:137)
at org.openqa.selenium.remote.HttpCommandExecutor.execute(HttpCommandExecutor.java:142)
at org.openqa.selenium.remote.service.DriverCommandExecutor.execute(DriverCommandExecutor.java:82)
at org.openqa.selenium.remote.RemoteWebDriver.execute(RemoteWebDriver.java:641)
at org.openqa.selenium.remote.RemoteWebDriver.startSession(RemoteWebDriver.java:254)
at org.openqa.selenium.remote.RemoteWebDriver.startSession(RemoteWebDriver.java:236)
at org.openqa.selenium.remote.RemoteWebDriver.<init>(RemoteWebDriver.java:137)
at org.openqa.selenium.chrome.ChromeDriver.<init>(ChromeDriver.java:178)
at org.openqa.selenium.chrome.ChromeDriver.<init>(ChromeDriver.java:167)
at org.openqa.selenium.chrome.ChromeDriver.<init>(ChromeDriver.java:124)
at WebTable.open(WebTable.java:20)
at java.base/jdk.internal.reflect.NativeMethodAccessorImpl.invoke0(Native Method)
at java.base/jdk.internal.reflect.NativeMethodAccessorImpl.invoke(NativeMethodAccessorImpl.java:62)
at java.base/jdk.internal.reflect.DelegatingMethodAccessorImpl.invoke(DelegatingMethodAccessorImpl.java:43)
at java.base/java.lang.reflect.Method.invoke(Method.java:564)
at org.testng.internal.MethodInvocationHelper.invokeMethod(MethodInvocationHelper.java:132)
at org.testng.internal.MethodInvocationHelper.invokeMethodConsideringTimeout(MethodInvocationHelper.java:61)
at org.testng.internal.ConfigInvoker.invokeConfigurationMethod(ConfigInvoker.java:366)
at org.testng.internal.ConfigInvoker.invokeConfigurations(ConfigInvoker.java:320)
at org.testng.TestRunner.invokeTestConfigurations(TestRunner.java:617)
at org.testng.TestRunner.beforeRun(TestRunner.java:607)
at org.testng.TestRunner.run(TestRunner.java:578)
at org.testng.SuiteRunner.runTest(SuiteRunner.java:384)
at org.testng.SuiteRunner.runSequentially(SuiteRunner.java:378)
at org.testng.SuiteRunner.privateRun(SuiteRunner.java:337)
at org.testng.SuiteRunner.run(SuiteRunner.java:286)
at org.testng.SuiteRunnerWorker.runSuite(SuiteRunnerWorker.java:53)
at org.testng.SuiteRunnerWorker.run(SuiteRunnerWorker.java:96)
at org.testng.TestNG.runSuitesSequentially(TestNG.java:1218)
at org.testng.TestNG.runSuitesLocally(TestNG.java:1140)
at org.testng.TestNG.runSuites(TestNG.java:1069)
at org.testng.TestNG.run(TestNG.java:1037)
at org.testng.remote.AbstractRemoteTestNG.run(AbstractRemoteTestNG.java:115)
at org.testng.remote.RemoteTestNG.initAndRun(RemoteTestNG.java:251)
at org.testng.remote.RemoteTestNG.main(RemoteTestNG.java:77)
]]>
            </full-stacktrace>
          </exception> <!-- org.openqa.selenium.SessionNotCreatedException -->
          <reporter-output>
          </reporter-output>
        </test-method> <!-- data -->
      </class> <!-- WebTable -->
    </test> <!-- Test -->
  </suite> <!-- Suite -->
</testng-results>
