<?xml version="1.0" encoding="UTF-8"?>
<!-- Generated by org.testng.reporters.JUnitXMLReporter -->
<testsuite ignored="0" hostname="HOME-PC" failures="0" tests="1" name="Test" time="17.36" errors="0" timestamp="2021-06-06T22:46:34 IST">
  <testcase classname="WebTable" name="@BeforeTest open" time="17.209">
    <failure type="org.openqa.selenium.SessionNotCreatedException" message="session not created: This version of ChromeDriver only supports Chrome version 87
Current browser version is 90.0.4430.212 with binary path C:\Program Files (x86)\Google\Chrome\Application\chrome.exe
Build info: version: &amp;apos;3.5.1&amp;apos;, revision: &amp;apos;9c21bb67ef&amp;apos;, time: &amp;apos;2017-08-16T21:10:06.092Z&amp;apos;
System info: host: &amp;apos;HOME-PC&amp;apos;, ip: &amp;apos;192.168.1.8&amp;apos;, os.name: &amp;apos;Windows 10&amp;apos;, os.arch: &amp;apos;amd64&amp;apos;, os.version: &amp;apos;10.0&amp;apos;, java.version: &amp;apos;14.0.2&amp;apos;
Driver info: driver.version: ChromeDriver
remote stacktrace: Backtrace:
	Ordinal0 [0x0111ECE3+3337443]
	Ordinal0 [0x00FFF041+2158657]
	Ordinal0 [0x00E86FA8+618408]
	Ordinal0 [0x00E01D52+73042]
	Ordinal0 [0x00DFE0D8+57560]
	Ordinal0 [0x00DFC38A+50058]
	Ordinal0 [0x00E25E8E+220814]
	Ordinal0 [0x00E25BFC+220156]
	Ordinal0 [0x00E2181B+202779]
	Ordinal0 [0x00E03D74+81268]
	Ordinal0 [0x00E04D6E+85358]
	Ordinal0 [0x00E04CF9+85241]
	Ordinal0 [0x01016F2C+2256684]
	GetHandleVerifier [0x012A2FAC+1478332]
	GetHandleVerifier [0x012A2AFD+1477133]
	GetHandleVerifier [0x012AAAD8+1509864]
	GetHandleVerifier [0x012A369E+1480110]
	Ordinal0 [0x0100D6BD+2217661]
	Ordinal0 [0x010189AB+2263467]
	Ordinal0 [0x01018AEF+2263791]
	Ordinal0 [0x0102D363+2347875]
	BaseThreadInitThunk [0x74E88744+36]
	RtlGetAppContainerNamedObjectPath [0x77E8582D+253]
	RtlGetAppContainerNamedObjectPath [0x77E857FD+205]
">
      <![CDATA[org.openqa.selenium.SessionNotCreatedException: session not created: This version of ChromeDriver only supports Chrome version 87
Current browser version is 90.0.4430.212 with binary path C:\Program Files (x86)\Google\Chrome\Application\chrome.exe
Build info: version: '3.5.1', revision: '9c21bb67ef', time: '2017-08-16T21:10:06.092Z'
System info: host: 'HOME-PC', ip: '192.168.1.8', os.name: 'Windows 10', os.arch: 'amd64', os.version: '10.0', java.version: '14.0.2'
Driver info: driver.version: ChromeDriver
remote stacktrace: Backtrace:
Ordinal0 [0x0111ECE3+3337443]
Ordinal0 [0x00FFF041+2158657]
Ordinal0 [0x00E86FA8+618408]
Ordinal0 [0x00E01D52+73042]
Ordinal0 [0x00DFE0D8+57560]
Ordinal0 [0x00DFC38A+50058]
Ordinal0 [0x00E25E8E+220814]
Ordinal0 [0x00E25BFC+220156]
Ordinal0 [0x00E2181B+202779]
Ordinal0 [0x00E03D74+81268]
Ordinal0 [0x00E04D6E+85358]
Ordinal0 [0x00E04CF9+85241]
Ordinal0 [0x01016F2C+2256684]
GetHandleVerifier [0x012A2FAC+1478332]
GetHandleVerifier [0x012A2AFD+1477133]
GetHandleVerifier [0x012AAAD8+1509864]
GetHandleVerifier [0x012A369E+1480110]
Ordinal0 [0x0100D6BD+2217661]
Ordinal0 [0x010189AB+2263467]
Ordinal0 [0x01018AEF+2263791]
Ordinal0 [0x0102D363+2347875]
BaseThreadInitThunk [0x74E88744+36]
RtlGetAppContainerNamedObjectPath [0x77E8582D+253]
RtlGetAppContainerNamedObjectPath [0x77E857FD+205]

at org.openqa.selenium.remote.W3CHandshakeResponse.lambda$new$0(W3CHandshakeResponse.java:57)
at org.openqa.selenium.remote.W3CHandshakeResponse.lambda$getResponseFunction$2(W3CHandshakeResponse.java:104)
at org.openqa.selenium.remote.ProtocolHandshake.lambda$createSession$24(ProtocolHandshake.java:360)
at java.base/java.util.stream.ReferencePipeline$3$1.accept(ReferencePipeline.java:195)
at java.base/java.util.Spliterators$ArraySpliterator.tryAdvance(Spliterators.java:958)
at java.base/java.util.stream.ReferencePipeline.forEachWithCancel(ReferencePipeline.java:127)
at java.base/java.util.stream.AbstractPipeline.copyIntoWithCancel(AbstractPipeline.java:502)
at java.base/java.util.stream.AbstractPipeline.copyInto(AbstractPipeline.java:488)
at java.base/java.util.stream.AbstractPipeline.wrapAndCopyInto(AbstractPipeline.java:474)
at java.base/java.util.stream.FindOps$FindOp.evaluateSequential(FindOps.java:150)
at java.base/java.util.stream.AbstractPipeline.evaluate(AbstractPipeline.java:234)
at java.base/java.util.stream.ReferencePipeline.findFirst(ReferencePipeline.java:543)
at org.openqa.selenium.remote.ProtocolHandshake.createSession(ProtocolHandshake.java:363)
at org.openqa.selenium.remote.ProtocolHandshake.createSession(ProtocolHandshake.java:137)
at org.openqa.selenium.remote.HttpCommandExecutor.execute(HttpCommandExecutor.java:142)
at org.openqa.selenium.remote.service.DriverCommandExecutor.execute(DriverCommandExecutor.java:82)
at org.openqa.selenium.remote.RemoteWebDriver.execute(RemoteWebDriver.java:641)
at org.openqa.selenium.remote.RemoteWebDriver.startSession(RemoteWebDriver.java:254)
at org.openqa.selenium.remote.RemoteWebDriver.startSession(RemoteWebDriver.java:236)
at org.openqa.selenium.remote.RemoteWebDriver.<init>(RemoteWebDriver.java:137)
at org.openqa.selenium.chrome.ChromeDriver.<init>(ChromeDriver.java:178)
at org.openqa.selenium.chrome.ChromeDriver.<init>(ChromeDriver.java:167)
at org.openqa.selenium.chrome.ChromeDriver.<init>(ChromeDriver.java:124)
at WebTable.open(WebTable.java:20)
... Removed 29 stack frames]]>
    </failure>
  </testcase> <!-- @BeforeTest open -->
  <testcase classname="WebTable" name="data" time="0.0">
    <skipped/>
  </testcase> <!-- data -->
</testsuite> <!-- Test -->
